2022-03-22 17:20:20.489  INFO 6052 --- [restartedMain] c.e.likeservice.LikeServiceApplication   : Starting LikeServiceApplication using Java 17.0.2 on MAVBNG112127 with PID 6052 (C:\Users\anoopc\Downloads\like-service (2)\like-service\target\classes started by anoopc in C:\Users\anoopc\Downloads\like-service (2))
2022-03-22 17:20:20.490  INFO 6052 --- [restartedMain] c.e.likeservice.LikeServiceApplication   : No active profile set, falling back to 1 default profile: "default"
2022-03-22 17:20:20.538  INFO 6052 --- [restartedMain] .e.DevToolsPropertyDefaultsPostProcessor : Devtools property defaults active! Set 'spring.devtools.add-properties' to 'false' to disable
2022-03-22 17:20:20.544  INFO 6052 --- [restartedMain] .e.DevToolsPropertyDefaultsPostProcessor : For additional web related logging consider setting the 'logging.level.web' property to 'DEBUG'
2022-03-22 17:20:20.991  INFO 6052 --- [restartedMain] .s.d.r.c.RepositoryConfigurationDelegate : Bootstrapping Spring Data MongoDB repositories in DEFAULT mode.
2022-03-22 17:20:21.037  INFO 6052 --- [restartedMain] .s.d.r.c.RepositoryConfigurationDelegate : Finished Spring Data repository scanning in 42 ms. Found 1 MongoDB repository interfaces.
2022-03-22 17:20:21.560  INFO 6052 --- [restartedMain] o.s.b.w.embedded.tomcat.TomcatWebServer  : Tomcat initialized with port(s): 3020 (http)
2022-03-22 17:20:21.568  INFO 6052 --- [restartedMain] o.apache.catalina.core.StandardService   : Starting service [Tomcat]
2022-03-22 17:20:21.569  INFO 6052 --- [restartedMain] org.apache.catalina.core.StandardEngine  : Starting Servlet engine: [Apache Tomcat/9.0.58]
2022-03-22 17:20:21.619  INFO 6052 --- [restartedMain] o.a.c.c.C.[Tomcat].[localhost].[/]       : Initializing Spring embedded WebApplicationContext
2022-03-22 17:20:21.619  INFO 6052 --- [restartedMain] w.s.c.ServletWebServerApplicationContext : Root WebApplicationContext: initialization completed in 1074 ms
2022-03-22 17:20:21.729  INFO 6052 --- [restartedMain] org.mongodb.driver.cluster               : Cluster created with settings {hosts=[localhost:27017], mode=SINGLE, requiredClusterType=UNKNOWN, serverSelectionTimeout='30000 ms'}
2022-03-22 17:20:21.778  INFO 6052 --- [cluster-ClusterId{value='6239b7fd6625c91e21a7ba3d', description='null'}-localhost:27017] org.mongodb.driver.connection            : Opened connection [connectionId{localValue:1, serverValue:127}] to localhost:27017
2022-03-22 17:20:21.778  INFO 6052 --- [cluster-rtt-ClusterId{value='6239b7fd6625c91e21a7ba3d', description='null'}-localhost:27017] org.mongodb.driver.connection            : Opened connection [connectionId{localValue:2, serverValue:128}] to localhost:27017
2022-03-22 17:20:21.778  INFO 6052 --- [cluster-ClusterId{value='6239b7fd6625c91e21a7ba3d', description='null'}-localhost:27017] org.mongodb.driver.cluster               : Monitor thread successfully connected to server with description ServerDescription{address=localhost:27017, type=STANDALONE, state=CONNECTED, ok=true, minWireVersion=0, maxWireVersion=13, maxDocumentSize=16777216, logicalSessionTimeoutMinutes=30, roundTripTimeNanos=17503800}
2022-03-22 17:20:21.896  INFO 6052 --- [restartedMain] o.s.b.d.a.OptionalLiveReloadServer       : LiveReload server is running on port 35729
2022-03-22 17:20:22.250  INFO 6052 --- [restartedMain] o.s.b.w.embedded.tomcat.TomcatWebServer  : Tomcat started on port(s): 3020 (http) with context path ''
2022-03-22 17:20:22.258  INFO 6052 --- [restartedMain] c.e.likeservice.LikeServiceApplication   : Started LikeServiceApplication in 2.132 seconds (JVM running for 2.492)
2022-03-22 17:20:44.413  INFO 6052 --- [http-nio-3020-exec-2] o.a.c.c.C.[Tomcat].[localhost].[/]       : Initializing Spring DispatcherServlet 'dispatcherServlet'
2022-03-22 17:20:44.414  INFO 6052 --- [http-nio-3020-exec-2] o.s.web.servlet.DispatcherServlet        : Initializing Servlet 'dispatcherServlet'
2022-03-22 17:20:44.418  INFO 6052 --- [http-nio-3020-exec-2] o.s.web.servlet.DispatcherServlet        : Completed initialization in 3 ms
2022-03-22 17:21:03.957  INFO 6052 --- [http-nio-3020-exec-3] org.mongodb.driver.connection            : Opened connection [connectionId{localValue:3, serverValue:129}] to localhost:27017
